d:\holn\desktop\учеба\ос\lab1\lab1\x64\debug\vc143.pdb
d:\holn\desktop\учеба\ос\lab1\lab1\x64\debug\.netframework,version=v4.7.2.assemblyattributes.obj
d:\holn\desktop\учеба\ос\lab1\lab1\x64\debug\myform1.obj
d:\holn\desktop\учеба\ос\lab1\lab1\x64\debug\myform.obj
d:\holn\desktop\учеба\ос\lab1\lab1\x64\debug\myform2.obj
d:\holn\desktop\учеба\ос\lab1\x64\debug\lab1.exe
d:\holn\desktop\учеба\ос\lab1\x64\debug\lab1.pdb
d:\holn\desktop\учеба\ос\lab1\lab1\x64\debug\resource.res
d:\holn\desktop\учеба\ос\lab1\lab1\x64\debug\lab1.tlog\cl.command.1.tlog
d:\holn\desktop\учеба\ос\lab1\lab1\x64\debug\lab1.tlog\cl.items.tlog
d:\holn\desktop\учеба\ос\lab1\lab1\x64\debug\lab1.tlog\cl.read.1.tlog
d:\holn\desktop\учеба\ос\lab1\lab1\x64\debug\lab1.tlog\cl.write.1.tlog
d:\holn\desktop\учеба\ос\lab1\lab1\x64\debug\lab1.tlog\link.command.1.tlog
d:\holn\desktop\учеба\ос\lab1\lab1\x64\debug\lab1.tlog\link.read.1.tlog
d:\holn\desktop\учеба\ос\lab1\lab1\x64\debug\lab1.tlog\link.secondary.1.tlog
d:\holn\desktop\учеба\ос\lab1\lab1\x64\debug\lab1.tlog\link.write.1.tlog
d:\holn\desktop\учеба\ос\lab1\lab1\x64\debug\lab1.tlog\metagen.read.1.tlog
d:\holn\desktop\учеба\ос\lab1\lab1\x64\debug\lab1.tlog\metagen.write.1.tlog
d:\holn\desktop\учеба\ос\lab1\lab1\x64\debug\lab1.tlog\rc.command.1.tlog
d:\holn\desktop\учеба\ос\lab1\lab1\x64\debug\lab1.tlog\rc.read.1.tlog
d:\holn\desktop\учеба\ос\lab1\lab1\x64\debug\lab1.tlog\rc.write.1.tlog
d:\holn\desktop\учеба\ос\lab1\lab1\x64\debug\lab1.tlog\resgen.command.1.tlog
d:\holn\desktop\учеба\ос\lab1\lab1\x64\debug\lab1.tlog\resgen.read.1.tlog
d:\holn\desktop\учеба\ос\lab1\lab1\x64\debug\lab1.tlog\resgen.write.1.tlog
