[02.05.2025 14:22:38] Application started
[02.05.2025 14:24:15] Application started
[02.05.2025 14:24:28] Application started
[02.05.2025 14:24:45] Application started
[02.05.2025 14:30:19] Application started
[02.05.2025 14:30:25] Application started
[02.05.2025 14:30:34] Application started
[02.05.2025 14:31:31] Application started
[02.05.2025 14:31:40] Data refreshed
[02.05.2025 14:31:41] Data refreshed
[02.05.2025 14:31:41] Data refreshed
[02.05.2025 14:34:53] Application started
[02.05.2025 14:34:59] Data refreshed
[02.05.2025 14:35:06] Data refreshed
[02.05.2025 14:35:09] Data refreshed
[02.05.2025 14:35:10] Data refreshed
[02.05.2025 14:35:11] Data refreshed
[02.05.2025 14:35:17] Data refreshed
[02.05.2025 14:35:19] Data refreshed
[02.05.2025 14:35:19] Data refreshed
[02.05.2025 14:35:20] Data refreshed
[02.05.2025 14:35:20] Data refreshed
[02.05.2025 14:35:20] Data refreshed
[02.05.2025 14:35:20] Data refreshed
[02.05.2025 14:35:20] Data refreshed
[02.05.2025 14:35:36] Data refreshed
[02.05.2025 14:35:43] Data refreshed
[02.05.2025 14:36:06] Data refreshed
[02.05.2025 14:40:00] Application started
[02.05.2025 14:44:36] Application started
[02.05.2025 14:44:50] Application started
[02.05.2025 14:46:41] Application started
[02.05.2025 14:46:43] Data refreshed
[02.05.2025 14:47:27] Application started
[02.05.2025 14:47:27] Selected: HKEY_CLASSES_ROOT\
[02.05.2025 14:47:31] Data refreshed
[02.05.2025 14:52:08] Application started
[02.05.2025 14:52:14] Data refreshed
[02.05.2025 14:52:15] Data refreshed
[02.05.2025 14:52:16] Data refreshed
[02.05.2025 14:52:58] Application started
[02.05.2025 14:53:01] Selected: HKEY_CLASSES_ROOT\
[02.05.2025 14:53:03] Data refreshed
[02.05.2025 14:53:04] Data refreshed
[02.05.2025 14:53:06] Data refreshed
[02.05.2025 14:53:06] Data refreshed
[02.05.2025 14:53:07] Data refreshed
[02.05.2025 14:53:07] Data refreshed
[02.05.2025 14:53:07] Data refreshed
[02.05.2025 14:53:08] Selected: HKEY_CURRENT_USER\Loading...
[02.05.2025 14:53:09] Data refreshed
[02.05.2025 14:53:09] Data refreshed
[02.05.2025 14:53:09] Data refreshed
[02.05.2025 14:53:29] Application started
[02.05.2025 14:53:31] Data refreshed
[02.05.2025 14:53:32] Data refreshed
[02.05.2025 14:53:32] Data refreshed
[02.05.2025 15:05:42] Application started
[02.05.2025 15:05:46] Selected: HKEY_CLASSES_ROOT\
[02.05.2025 15:05:52] Selected: HKEY_CLASSES_ROOT\.001
[02.05.2025 15:05:57] Selected: HKEY_CLASSES_ROOT\*\OpenWithList
[02.05.2025 15:05:59] Selected: HKEY_CLASSES_ROOT\*\OpenWithList\Excel.exe
[02.05.2025 15:06:00] Selected: HKEY_CLASSES_ROOT\*\OpenWithList\IExplore.exe
[02.05.2025 15:06:00] Selected: HKEY_CLASSES_ROOT\*\OpenWithList\Excel.exe
[02.05.2025 15:06:01] Selected: HKEY_CLASSES_ROOT\*\OpenWithList
[02.05.2025 15:06:01] Selected: HKEY_CLASSES_ROOT\*\OpenWithList\Excel.exe
[02.05.2025 15:06:01] Selected: HKEY_CLASSES_ROOT\*\OpenWithList\IExplore.exe
[02.05.2025 15:06:02] Selected: HKEY_CLASSES_ROOT\*\OpenWithList\MSPaint.exe
[02.05.2025 15:06:02] Selected: HKEY_CLASSES_ROOT\*\OpenWithList\IExplore.exe
[02.05.2025 15:06:03] Selected: HKEY_CLASSES_ROOT\*\OpenWithList\Excel.exe
[02.05.2025 15:06:04] Selected: HKEY_CLASSES_ROOT\*\OpenWithList
[02.05.2025 15:06:33] Selected: HKEY_CLASSES_ROOT\*\OpenWithList\IExplore.exe
[02.05.2025 15:06:33] Selected: HKEY_CLASSES_ROOT\*\OpenWithList\MSPaint.exe
[02.05.2025 15:06:34] Selected: HKEY_CLASSES_ROOT\*\OpenWithList\Winword.exe
[02.05.2025 15:06:34] Selected: HKEY_CLASSES_ROOT\*\OpenWithList\notepad.exe
[02.05.2025 15:06:35] Selected: HKEY_CLASSES_ROOT\*\OpenWithList\Winword.exe
[02.05.2025 15:06:35] Selected: HKEY_CLASSES_ROOT\*\OpenWithList\WordPad.exe
[02.05.2025 15:06:41] Selected: HKEY_CLASSES_ROOT\.amv
[02.05.2025 15:06:44] Selected: HKEY_CLASSES_ROOT\.c5e2524a-ea46-4f67-841f-6a9465d9d515
[02.05.2025 15:06:45] Selected: HKEY_CURRENT_USER\AppEvents
[02.05.2025 15:06:46] Selected: HKEY_CURRENT_USER\AppEvents\EventLabels
[02.05.2025 15:06:46] Selected: HKEY_CURRENT_USER\AppEvents\Schemes
[02.05.2025 15:06:48] Selected: HKEY_CURRENT_USER\AppEvents\Schemes\Apps
[02.05.2025 15:06:48] Selected: HKEY_CURRENT_USER\AppEvents\Schemes\Apps\.Default
[02.05.2025 15:08:25] Application started
[02.05.2025 15:08:30] Selected: HKEY_CURRENT_USER\Volatile Environment
[02.05.2025 15:08:38] Error creating key: Невозможно создать статический подпараметр для временного родительского параметра.

[02.05.2025 15:08:43] Selected: HKEY_CURRENT_USER\
[02.05.2025 15:08:47] Error creating key: Указан недопустимый путь.

[02.05.2025 15:08:51] Selected: HKEY_CURRENT_USER\Volatile Environment\4
[02.05.2025 15:08:57] Error creating key: Невозможно создать статический подпараметр для временного родительского параметра.

[02.05.2025 15:09:04] Selected: HKEY_LOCAL_MACHINE\
[02.05.2025 15:09:12] Selected: HKEY_CURRENT_USER\Volatile Environment\4
[02.05.2025 15:09:13] Selected: HKEY_CURRENT_USER\Volatile Environment
[02.05.2025 15:09:14] Selected: HKEY_CURRENT_USER\Volatile Environment\4
[02.05.2025 15:09:20] Value created: = (Unknown)
[02.05.2025 15:09:24] Value deleted: 
[02.05.2025 15:09:25] Backup created: CURRENT_USER_Volatile Environment_4_20250502_150925.regbak
[02.05.2025 15:09:33] Data refreshed
[02.05.2025 15:09:33] Data refreshed
[02.05.2025 15:09:34] Selected: HKEY_CURRENT_USER\Volatile Environment\4\Загрузка...
[02.05.2025 15:09:35] Selected: HKEY_CURRENT_USER\Volatile Environment\4
[02.05.2025 15:19:13] Application started
[02.05.2025 15:19:17] Error creating key: Ссылка на объект не указывает на экземпляр объекта.
[02.05.2025 15:19:21] Selected: HKEY_USERS\
[02.05.2025 15:19:21] Selected: HKEY_CURRENT_CONFIG\
[02.05.2025 15:19:22] Selected: HKEY_LOCAL_MACHINE\
[02.05.2025 15:19:22] Selected: HKEY_CURRENT_USER\
[02.05.2025 15:22:35] Application started
[02.05.2025 15:22:50] Application started
[02.05.2025 15:22:52] Selected: HKEY_CLASSES_ROOT\
[02.05.2025 15:22:54] Selected: HKEY_CLASSES_ROOT\*\OpenWithList
[02.05.2025 15:22:54] Selected: HKEY_CLASSES_ROOT\*\shell
[02.05.2025 15:22:54] Selected: HKEY_CLASSES_ROOT\*\shellex
[02.05.2025 15:22:55] Selected: HKEY_CLASSES_ROOT\*\shellex\ContextMenuHandlers\ FileSyncEx
[02.05.2025 15:36:47] Application started
[02.05.2025 15:37:27] Application started
[02.05.2025 15:37:39] Application started
[02.05.2025 15:38:04] Application started
[02.05.2025 15:38:05] Selected: HKEY_LOCAL_MACHINE\
[02.05.2025 15:38:06] Backup created: LOCAL_MACHINE__20250502_153806.regbak
[02.05.2025 15:38:08] Selected: HKEY_CLASSES_ROOT\
[02.05.2025 15:38:09] Backup created: CLASSES_ROOT__20250502_153809.regbak
[02.05.2025 15:38:10] Selected: HKEY_CURRENT_USER\
[02.05.2025 15:38:11] Backup created: CURRENT_USER__20250502_153811.regbak
[02.05.2025 15:38:12] Selected: HKEY_LOCAL_MACHINE\
[02.05.2025 15:38:13] Backup created: LOCAL_MACHINE__20250502_153813.regbak
[02.05.2025 15:38:15] Selected: HKEY_USERS\
[02.05.2025 15:38:15] Backup created: USERS__20250502_153815.regbak
[02.05.2025 15:38:16] Selected: HKEY_CURRENT_CONFIG\
[02.05.2025 15:38:17] Backup created: CURRENT_CONFIG__20250502_153817.regbak
[02.05.2025 15:38:35] Selected: HKEY_CURRENT_USER\
[02.05.2025 15:38:40] Selected: HKEY_CURRENT_USER\Volatile Environment
[02.05.2025 15:38:42] Selected: HKEY_CURRENT_USER\Uninstall
[02.05.2025 15:38:53] Selected: HKEY_CURRENT_USER\Environment
[02.05.2025 15:38:54] Selected: HKEY_CURRENT_USER\
[02.05.2025 15:38:54] Selected: HKEY_CURRENT_USER\AppEvents
[02.05.2025 15:38:55] Selected: HKEY_CURRENT_USER\AppEvents\EventLabels
[02.05.2025 15:38:56] Selected: HKEY_CURRENT_USER\AppEvents\Schemes
[02.05.2025 15:38:56] Selected: HKEY_CURRENT_USER\Console
[02.05.2025 15:40:13] Application started
[02.05.2025 15:40:20] Selected: HKEY_CLASSES_ROOT\
[02.05.2025 15:40:20] Selected: HKEY_USERS\
[02.05.2025 15:40:21] Selected: HKEY_USERS\.DEFAULT
[02.05.2025 15:40:21] Selected: HKEY_USERS\S-1-5-19
[02.05.2025 15:40:21] Error loading values: Запрошенный доступ к реестру запрещен.
[02.05.2025 15:40:25] Selected: HKEY_USERS\
[02.05.2025 15:40:25] Selected: HKEY_LOCAL_MACHINE\HARDWARE
[02.05.2025 15:40:26] Selected: HKEY_LOCAL_MACHINE\HARDWARE\ACPI
[02.05.2025 15:40:27] Selected: HKEY_LOCAL_MACHINE\HARDWARE\DESCRIPTION
[02.05.2025 15:40:27] Selected: HKEY_LOCAL_MACHINE\HARDWARE\DEVICEMAP
[02.05.2025 15:40:28] Selected: HKEY_LOCAL_MACHINE\HARDWARE\DESCRIPTION\System
[02.05.2025 15:40:29] Selected: HKEY_LOCAL_MACHINE\HARDWARE\DESCRIPTION\System\CentralProcessor
[02.05.2025 15:40:29] Selected: HKEY_LOCAL_MACHINE\HARDWARE\DESCRIPTION\System\CentralProcessor\0
[02.05.2025 15:40:32] Selected: HKEY_LOCAL_MACHINE\HARDWARE\DESCRIPTION\System\CentralProcessor\1
[02.05.2025 15:40:33] Selected: HKEY_LOCAL_MACHINE\HARDWARE\DESCRIPTION\System\CentralProcessor\10
[02.05.2025 15:40:33] Selected: HKEY_LOCAL_MACHINE\HARDWARE\DESCRIPTION\System\CentralProcessor\11
[02.05.2025 15:40:33] Selected: HKEY_LOCAL_MACHINE\HARDWARE\DESCRIPTION\System\CentralProcessor\12
[02.05.2025 15:40:33] Selected: HKEY_LOCAL_MACHINE\HARDWARE\DESCRIPTION\System\CentralProcessor\13
[02.05.2025 15:40:34] Selected: HKEY_LOCAL_MACHINE\HARDWARE\DESCRIPTION\System\CentralProcessor\14
[02.05.2025 15:40:34] Selected: HKEY_LOCAL_MACHINE\HARDWARE\DESCRIPTION\System\CentralProcessor\15
[02.05.2025 15:40:34] Selected: HKEY_LOCAL_MACHINE\HARDWARE\DESCRIPTION\System\CentralProcessor\2
[02.05.2025 15:40:34] Selected: HKEY_LOCAL_MACHINE\HARDWARE\DESCRIPTION\System\CentralProcessor\3
[02.05.2025 15:40:35] Selected: HKEY_LOCAL_MACHINE\HARDWARE\DESCRIPTION\System\CentralProcessor\4
[02.05.2025 15:40:45] Application started
[02.05.2025 15:40:47] Selected: HKEY_CURRENT_USER\
[02.05.2025 15:40:48] Selected: HKEY_CURRENT_USER\AppEvents
[02.05.2025 15:40:48] Selected: HKEY_CURRENT_USER\AppEvents\Schemes
[02.05.2025 15:40:49] Selected: HKEY_CURRENT_USER\AppEvents\EventLabels
[02.05.2025 15:40:50] Selected: HKEY_CURRENT_USER\AppEvents\EventLabels\.Default
[02.05.2025 15:40:51] Selected: HKEY_CURRENT_USER\AppEvents\EventLabels\ActivatingDocument
[02.05.2025 15:40:51] Selected: HKEY_CURRENT_USER\AppEvents\EventLabels\AppGPFault
[02.05.2025 15:40:52] Selected: HKEY_CURRENT_USER\AppEvents\EventLabels\BlockedPopup
[02.05.2025 15:40:52] Selected: HKEY_CURRENT_USER\AppEvents\EventLabels\ChangeTheme
[02.05.2025 15:40:53] Selected: HKEY_CURRENT_USER\AppEvents\EventLabels
[02.05.2025 15:40:53] Selected: HKEY_CURRENT_USER\AppEvents
[02.05.2025 15:40:54] Selected: HKEY_CLASSES_ROOT\
[02.05.2025 15:40:54] Selected: HKEY_CURRENT_USER\
[02.05.2025 15:40:55] Selected: HKEY_CURRENT_USER\Network
[02.05.2025 15:40:56] Selected: HKEY_CURRENT_USER\Printers
[02.05.2025 15:40:56] Selected: HKEY_CURRENT_USER\SOFTWARE
[02.05.2025 15:40:57] Selected: HKEY_CURRENT_USER\Uninstall
[02.05.2025 15:40:57] Selected: HKEY_CURRENT_USER\System
[02.05.2025 15:40:58] Selected: HKEY_CURRENT_USER\Environment
[02.05.2025 15:41:19] Application started
[02.05.2025 15:41:20] Selected: HKEY_CLASSES_ROOT\
[02.05.2025 15:41:20] Selected: HKEY_CLASSES_ROOT\.001
[02.05.2025 15:41:51] Application started
[02.05.2025 15:41:53] Selected: HKEY_LOCAL_MACHINE\
[02.05.2025 15:41:54] Selected: HKEY_LOCAL_MACHINE\BCD00000000
[02.05.2025 15:41:54] Error loading values: Запрошенный доступ к реестру запрещен.
[02.05.2025 15:41:57] Selected: HKEY_LOCAL_MACHINE\BCD00000000\(Ошибка доступа)
[02.05.2025 15:41:57] Selected: HKEY_LOCAL_MACHINE\BCD00000000
[02.05.2025 15:41:57] Error loading values: Запрошенный доступ к реестру запрещен.
[02.05.2025 15:41:59] Selected: HKEY_LOCAL_MACHINE\
[02.05.2025 15:41:59] Selected: HKEY_CURRENT_USER\
[02.05.2025 15:42:00] Selected: HKEY_CURRENT_USER\AppEvents
[02.05.2025 15:42:01] Selected: HKEY_CURRENT_USER\Console
[02.05.2025 15:43:25] Application started
[02.05.2025 15:43:27] Selected: HKEY_CURRENT_USER\
[02.05.2025 15:43:29] Selected: HKEY_CURRENT_USER\HelloKey
[02.05.2025 15:43:32] Selected: HKEY_CURRENT_USER\Keyboard Layout
[02.05.2025 15:43:32] Selected: HKEY_CURRENT_USER\HelloKey
[02.05.2025 15:43:54] Value created: login=admin (Unknown)
[02.05.2025 15:45:00] Application started
[02.05.2025 15:45:01] Selected: HKEY_CURRENT_USER\
[02.05.2025 15:45:03] Selected: HKEY_CURRENT_USER\HelloKey
[02.05.2025 15:45:12] Backup created: CURRENT_USER_HelloKey_20250502_154512.regbak
[02.05.2025 15:45:16] Value deleted: login
[02.05.2025 15:45:20] Restored from: CURRENT_USER_HelloKey_20250502_154512.regbak
